---------------------------ERROR 1--------------------------------------------------------

PS C:\Users\josse\Desktop\JAVA\suite-automatizacion-funcional> mvn clean test
WARNING: A terminally deprecated method in sun.misc.Unsafe has been called
WARNING: sun.misc.Unsafe::staticFieldBase has been called by com.google.inject.internal.aop.HiddenClassDefiner (file:/C:/Program%20Files/Java/apache-maven-3.9.10/lib/guice-5.1.0-classes.jar)
WARNING: Please consider reporting this to the maintainers of class com.google.inject.internal.aop.HiddenClassDefiner
WARNING: sun.misc.Unsafe::staticFieldBase will be removed in a future release
[INFO] Scanning for projects...
[INFO] 
[INFO] -----------< com.suite.test:suite-automatizacion-funcional >------------
[INFO] Building suite-automatizacion-funcional 1.0-SNAPSHOT
[INFO]   from pom.xml
[INFO] --------------------------------[ jar ]---------------------------------
[INFO] 
[INFO] --- clean:3.2.0:clean (default-clean) @ suite-automatizacion-funcional ---
[INFO] Deleting C:\Users\josse\Desktop\JAVA\suite-automatizacion-funcional\target
[INFO] 
[INFO] --- resources:3.3.1:resources (default-resources) @ suite-automatizacion-funcional ---
[INFO] skip non existing resourceDirectory C:\Users\josse\Desktop\JAVA\suite-automatizacion-funcional\src\main\resources
[INFO]
[INFO] --- compiler:3.13.0:compile (default-compile) @ suite-automatizacion-funcional ---
[INFO] Recompiling the module because of changed source code.
[INFO] Compiling 3 source files with javac [debug target 1.8] to target\classes
[WARNING] bootstrap class path is not set in conjunction with -source 8
  not setting the bootstrap class path may lead to class files that cannot run on JDK 8
    --release 8 is recommended instead of -source 8 -target 1.8 because it sets the bootstrap class path automatically
[WARNING] source value 8 is obsolete and will be removed in a future release
[WARNING] target value 8 is obsolete and will be removed in a future release
[WARNING] To suppress warnings about obsolete options, use -Xlint:-options.
[INFO]
[INFO] --- resources:3.3.1:testResources (default-testResources) @ suite-automatizacion-funcional ---
[INFO] Copying 2 resources from src\test\resources to target\test-classes
[INFO]
[INFO] --- compiler:3.13.0:testCompile (default-testCompile) @ suite-automatizacion-funcional ---
[INFO] Recompiling the module because of changed dependency.
[INFO] Compiling 8 source files with javac [debug target 1.8] to target\test-classes
[WARNING] bootstrap class path is not set in conjunction with -source 8
  not setting the bootstrap class path may lead to class files that cannot run on JDK 8
    --release 8 is recommended instead of -source 8 -target 1.8 because it sets the bootstrap class path automatically
[WARNING] source value 8 is obsolete and will be removed in a future release
[WARNING] target value 8 is obsolete and will be removed in a future release
[WARNING] To suppress warnings about obsolete options, use -Xlint:-options.
[INFO] /C:/Users/josse/Desktop/JAVA/suite-automatizacion-funcional/src/test/java/com/suite/test/Leccion2_SeleniumIDETest.java: C:\Users\josse\Desktop\JAVA\suite-automatizacion-funcional\src\test\java\com\suite\test\Leccion2_SeleniumIDETest.java uses or overrides a deprecated API.
[INFO] /C:/Users/josse/Desktop/JAVA/suite-automatizacion-funcional/src/test/java/com/suite/test/Leccion2_SeleniumIDETest.java: Recompile with -Xlint:deprecation for details.
[INFO]
[INFO] --- surefire:3.1.2:test (default-test) @ suite-automatizacion-funcional ---
[INFO] Using auto detected provider org.apache.maven.surefire.testng.TestNGProvider
[INFO] 
[INFO] -------------------------------------------------------
[INFO]  T E S T S
[INFO] -------------------------------------------------------
[INFO] Running TestSuite
SLF4J: Failed to load class "org.slf4j.impl.StaticLoggerBinder".
SLF4J: Defaulting to no-operation (NOP) logger implementation
SLF4J: See http://www.slf4j.org/codes.html#StaticLoggerBinder for further details.
[ERROR] 
Cannot find class in classpath: com.websolutions.test.LoginTest
[INFO] 
[INFO] Results:
[INFO]
[INFO] Tests run: 0, Failures: 0, Errors: 0, Skipped: 0
[INFO]
[INFO] ------------------------------------------------------------------------
[INFO] BUILD FAILURE
[INFO] ------------------------------------------------------------------------
[INFO] Total time:  12.477 s
[INFO] Finished at: 2025-07-31T22:52:32-03:00
[INFO] ------------------------------------------------------------------------
[ERROR] Failed to execute goal org.apache.maven.plugins:maven-surefire-plugin:3.1.2:test (default-test) on project
 suite-automatizacion-funcional:
[ERROR]
[ERROR] Please refer to C:\Users\josse\Desktop\JAVA\suite-automatizacion-funcional\target\surefire-reports for the individual test results.
[ERROR] Please refer to dump files (if any exist) [date].dump, [date]-jvmRun[N].dump and [date].dumpstream.       
[ERROR] There was an error in the forked process
[ERROR]
[ERROR] Cannot find class in classpath: com.websolutions.test.LoginTest
[ERROR] org.apache.maven.surefire.booter.SurefireBooterForkException: There was an error in the forked process    
[ERROR]
[ERROR] Cannot find class in classpath: com.websolutions.test.LoginTest
[ERROR]         at org.apache.maven.plugin.surefire.booterclient.ForkStarter.fork(ForkStarter.java:628)
[ERROR]         at org.apache.maven.plugin.surefire.booterclient.ForkStarter.run(ForkStarter.java:285)
[ERROR]         at org.apache.maven.plugin.surefire.booterclient.ForkStarter.run(ForkStarter.java:250)
[ERROR]         at org.apache.maven.plugin.surefire.AbstractSurefireMojo.executeProvider(AbstractSurefireMojo.java:1203)
[ERROR]         at org.apache.maven.plugin.surefire.AbstractSurefireMojo.executeAfterPreconditionsChecked(AbstractSurefireMojo.java:1055)
[ERROR]         at org.apache.maven.plugin.surefire.AbstractSurefireMojo.execute(AbstractSurefireMojo.java:871)   
[ERROR]         at org.apache.maven.plugin.DefaultBuildPluginManager.executeMojo(DefaultBuildPluginManager.java:126)
[ERROR]         at org.apache.maven.lifecycle.internal.MojoExecutor.doExecute2(MojoExecutor.java:328)
[ERROR]         at org.apache.maven.lifecycle.internal.MojoExecutor.doExecute(MojoExecutor.java:316)
[ERROR]         at org.apache.maven.lifecycle.internal.MojoExecutor.execute(MojoExecutor.java:212)
[ERROR]         at org.apache.maven.lifecycle.internal.MojoExecutor.execute(MojoExecutor.java:174)
[ERROR]         at org.apache.maven.lifecycle.internal.MojoExecutor.access$000(MojoExecutor.java:75)
[ERROR]         at org.apache.maven.lifecycle.internal.MojoExecutor$1.run(MojoExecutor.java:162)
[ERROR]         at org.apache.maven.plugin.DefaultMojosExecutionStrategy.execute(DefaultMojosExecutionStrategy.java:39)
[ERROR]         at org.apache.maven.lifecycle.internal.MojoExecutor.execute(MojoExecutor.java:159)
[ERROR]         at org.apache.maven.lifecycle.internal.LifecycleModuleBuilder.buildProject(LifecycleModuleBuilder.java:105)
[ERROR]         at org.apache.maven.lifecycle.internal.LifecycleModuleBuilder.buildProject(LifecycleModuleBuilder.java:73)
[ERROR]         at org.apache.maven.lifecycle.internal.builder.singlethreaded.SingleThreadedBuilder.build(SingleThreadedBuilder.java:53)
[ERROR]         at org.apache.maven.lifecycle.internal.LifecycleStarter.execute(LifecycleStarter.java:118)        
[ERROR]         at org.apache.maven.DefaultMaven.doExecute(DefaultMaven.java:261)
[ERROR]         at org.apache.maven.DefaultMaven.doExecute(DefaultMaven.java:173)
[ERROR]         at org.apache.maven.DefaultMaven.execute(DefaultMaven.java:101)
[ERROR]         at org.apache.maven.cli.MavenCli.execute(MavenCli.java:906)
[ERROR]         at org.apache.maven.cli.MavenCli.doMain(MavenCli.java:283)
[ERROR]         at org.apache.maven.cli.MavenCli.main(MavenCli.java:206)
[ERROR]         at java.base/jdk.internal.reflect.DirectMethodHandleAccessor.invoke(DirectMethodHandleAccessor.java:104)
[ERROR]         at java.base/java.lang.reflect.Method.invoke(Method.java:565)
[ERROR]         at org.codehaus.plexus.classworlds.launcher.Launcher.launchEnhanced(Launcher.java:255)
[ERROR]         at org.codehaus.plexus.classworlds.launcher.Launcher.launch(Launcher.java:201)
[ERROR]         at org.codehaus.plexus.classworlds.launcher.Launcher.mainWithExitCode(Launcher.java:361)
[ERROR]         at org.codehaus.plexus.classworlds.launcher.Launcher.main(Launcher.java:314)
[ERROR]
[ERROR] -> [Help 1]
[ERROR]
[ERROR] To see the full stack trace of the errors, re-run Maven with the -e switch.
[ERROR] Re-run Maven using the -X switch to enable full debug logging.
[ERROR]
[ERROR] For more information about the errors and possible solutions, please read the following articles:
[ERROR] [Help 1] http://cwiki.apache.org/confluence/display/MAVEN/MojoExecutionException

---------------------------ERROR 2--------------------------------------------------------

PS C:\Users\josse\Desktop\JAVA\suite-automatizacion-funcional> mvn clean test
WARNING: A terminally deprecated method in sun.misc.Unsafe has been called
WARNING: sun.misc.Unsafe::staticFieldBase has been called by com.google.inject.internal.aop.HiddenClassDefiner (file:/C:/Program%20Files/Java/apache-maven-3.9.10/lib/guice-5.1.0-classes.jar)
WARNING: Please consider reporting this to the maintainers of class com.google.inject.internal.aop.HiddenClassDefiner
WARNING: sun.misc.Unsafe::staticFieldBase will be removed in a future release
[INFO] Scanning for projects...
[INFO] 
[INFO] -----------< com.suite.test:suite-automatizacion-funcional >------------
[INFO] Building suite-automatizacion-funcional 1.0-SNAPSHOT
[INFO]   from pom.xml
[INFO] --------------------------------[ jar ]---------------------------------
[INFO] 
[INFO] --- clean:3.2.0:clean (default-clean) @ suite-automatizacion-funcional ---
[INFO] Deleting C:\Users\josse\Desktop\JAVA\suite-automatizacion-funcional\target
[INFO] 
[INFO] --- resources:3.3.1:resources (default-resources) @ suite-automatizacion-funcional ---
[INFO] skip non existing resourceDirectory C:\Users\josse\Desktop\JAVA\suite-automatizacion-funcional\src\main\resources
[INFO] 
[INFO] --- compiler:3.13.0:compile (default-compile) @ suite-automatizacion-funcional ---
[INFO] Recompiling the module because of changed source code.
[INFO] Compiling 3 source files with javac [debug target 1.8] to target\classes
[WARNING] bootstrap class path is not set in conjunction with -source 8
  not setting the bootstrap class path may lead to class files that cannot run on JDK 8
    --release 8 is recommended instead of -source 8 -target 1.8 because it sets the bootstrap class path automatically
[WARNING] source value 8 is obsolete and will be removed in a future release
[WARNING] target value 8 is obsolete and will be removed in a future release
[WARNING] To suppress warnings about obsolete options, use -Xlint:-options.
[INFO] 
[INFO] --- resources:3.3.1:testResources (default-testResources) @ suite-automatizacion-funcional ---
[INFO] Copying 3 resources from src\test\resources to target\test-classes
[INFO] 
[INFO] --- compiler:3.13.0:testCompile (default-testCompile) @ suite-automatizacion-funcional ---
[INFO] Recompiling the module because of changed dependency.
[INFO] Compiling 8 source files with javac [debug target 1.8] to target\test-classes
[WARNING] bootstrap class path is not set in conjunction with -source 8
  not setting the bootstrap class path may lead to class files that cannot run on JDK 8
    --release 8 is recommended instead of -source 8 -target 1.8 because it sets the bootstrap class path automatically
[WARNING] source value 8 is obsolete and will be removed in a future release
[WARNING] target value 8 is obsolete and will be removed in a future release
[WARNING] To suppress warnings about obsolete options, use -Xlint:-options.
[INFO] /C:/Users/josse/Desktop/JAVA/suite-automatizacion-funcional/src/test/java/com/suite/test/Leccion2_SeleniumIDETest.java: C:\Users\josse\Desktop\JAVA\suite-automatizacion-funcional\src\test\java\com\suite\test\Leccion2_SeleniumIDETest.java uses or overrides a deprecated API.
[INFO] /C:/Users/josse/Desktop/JAVA/suite-automatizacion-funcional/src/test/java/com/suite/test/Leccion2_SeleniumIDETest.java: Recompile with -Xlint:deprecation for details.
[INFO]
[INFO] --- surefire:3.1.2:test (default-test) @ suite-automatizacion-funcional ---
[INFO] Using auto detected provider org.apache.maven.surefire.testng.TestNGProvider
[INFO] 
[INFO] -------------------------------------------------------
[INFO]  T E S T S
[INFO] -------------------------------------------------------
[INFO] Running TestSuite
SLF4J: Failed to load class "org.slf4j.impl.StaticLoggerBinder".
SLF4J: Defaulting to no-operation (NOP) logger implementation
SLF4J: See http://www.slf4j.org/codes.html#StaticLoggerBinder for further details.
ago 01, 2025 10:15:58 P. M. org.openqa.selenium.devtools.CdpVersionFinder findNearestMatch
WARNING: Unable to find CDP implementation matching 138
ago 01, 2025 10:15:58 P. M. org.openqa.selenium.chromium.ChromiumDriver lambda$new$5
WARNING: Unable to find version of CDP to use for 138.0.7204.183. You may need to include a dependency on a specific version of the CDP using something similar to `org.seleniumhq.selenium:selenium-devtools-v86:4.22.0` where the version ("v86") matches the version of the chromium-based browser you're using and the version number of the artifact is the same as Selenium's.
Navegador Chrome iniciado.
Iniciando prueba: validarTituloDeGoogle
Prueba finalizada con éxito. El título es 'Google'.
Navegador cerrado.
ago 01, 2025 10:17:07 P. M. org.openqa.selenium.devtools.CdpVersionFinder findNearestMatch
WARNING: Unable to find CDP implementation matching 138
ago 01, 2025 10:17:07 P. M. org.openqa.selenium.chromium.ChromiumDriver lambda$new$5
WARNING: Unable to find version of CDP to use for 138.0.7204.183. You may need to include a dependency on a specific version of the CDP using something similar to `org.seleniumhq.selenium:selenium-devtools-v86:4.22.0` where the version ("v86") matches the version of the chromium-based browser you're using and the version number of the artifact is the same as Selenium's.
ERROR: La prueba 'testRegistration' ha fallado.
No se pudo obtener el driver de la clase de prueba para tomar la captura. Error: driver
ago 01, 2025 10:17:22 P. M. org.openqa.selenium.devtools.CdpVersionFinder findNearestMatch
WARNING: Unable to find CDP implementation matching 138
ago 01, 2025 10:17:22 P. M. org.openqa.selenium.chromium.ChromiumDriver lambda$new$5
WARNING: Unable to find version of CDP to use for 138.0.7204.183. You may need to include a dependency on a specific version of the CDP using something similar to `org.seleniumhq.selenium:selenium-devtools-v86:4.22.0` where the version ("v86") matches the version of the chromium-based browser you're using and the version number of the artifact is the same as Selenium's.
ago 01, 2025 10:17:41 P. M. org.openqa.selenium.devtools.CdpVersionFinder findNearestMatch
WARNING: Unable to find CDP implementation matching 138
ago 01, 2025 10:17:41 P. M. org.openqa.selenium.chromium.ChromiumDriver lambda$new$5
WARNING: Unable to find version of CDP to use for 138.0.7204.183. You may need to include a dependency on a specific version of the CDP using something similar to `org.seleniumhq.selenium:selenium-devtools-v86:4.22.0` where the version ("v86") matches the version of the chromium-based browser you're using and the version number of the artifact is the same as Selenium's.
ago 01, 2025 10:17:59 P. M. org.openqa.selenium.devtools.CdpVersionFinder findNearestMatch
WARNING: Unable to find CDP implementation matching 138
ago 01, 2025 10:17:59 P. M. org.openqa.selenium.chromium.ChromiumDriver lambda$new$5
WARNING: Unable to find version of CDP to use for 138.0.7204.183. You may need to include a dependency on a specific version of the CDP using something similar to `org.seleniumhq.selenium:selenium-devtools-v86:4.22.0` where the version ("v86") matches the version of the chromium-based browser you're using and the version number of the artifact is the same as Selenium's.
ago 01, 2025 10:18:16 P. M. org.openqa.selenium.devtools.CdpVersionFinder findNearestMatch
WARNING: Unable to find CDP implementation matching 138
ago 01, 2025 10:18:16 P. M. org.openqa.selenium.chromium.ChromiumDriver lambda$new$5
WARNING: Unable to find version of CDP to use for 138.0.7204.183. You may need to include a dependency on a specific version of the CDP using something similar to `org.seleniumhq.selenium:selenium-devtools-v86:4.22.0` where the version ("v86") matches the version of the chromium-based browser you're using and the version number of the artifact is the same as Selenium's.
ago 01, 2025 10:18:30 P. M. org.openqa.selenium.devtools.CdpVersionFinder findNearestMatch
WARNING: Unable to find CDP implementation matching 138
ago 01, 2025 10:18:30 P. M. org.openqa.selenium.chromium.ChromiumDriver lambda$new$5
WARNING: Unable to find version of CDP to use for 138.0.7204.183. You may need to include a dependency on a specific version of the CDP using something similar to `org.seleniumhq.selenium:selenium-devtools-v86:4.22.0` where the version ("v86") matches the version of the chromium-based browser you're using and the version number of the artifact is the same as Selenium's.
[ERROR] Tests run: 11, Failures: 1, Errors: 0, Skipped: 0, Time elapsed: 223.5 s <<< FAILURE! -- in TestSuite
[ERROR] com.suite.test.Leccion3_FlujoCriticoTest.testRegistration[María Díaz, maria+1754097421552@mail.com, Abc123!, Abc123!, 80117731-K, 61811773-1, true, registro exitoso](1) -- Time elapsed: 8.011 s <<< FAILURE!
java.lang.AssertionError: Debería salir de la página de registro expected [false] but found [true]
        at org.testng.Assert.fail(Assert.java:111)
        at org.testng.Assert.failNotEquals(Assert.java:1578)
        at org.testng.Assert.assertFalse(Assert.java:79)
        at com.suite.test.Leccion3_FlujoCriticoTest.testRegistration(Leccion3_FlujoCriticoTest.java:41)
        at java.base/jdk.internal.reflect.DirectMethodHandleAccessor.invoke(DirectMethodHandleAccessor.java:104)
        at java.base/java.lang.reflect.Method.invoke(Method.java:565)
        at org.testng.internal.invokers.MethodInvocationHelper.invokeMethod(MethodInvocationHelper.java:141)
        at org.testng.internal.invokers.TestInvoker.invokeMethod(TestInvoker.java:686)
        at org.testng.internal.invokers.TestInvoker.invokeTestMethod(TestInvoker.java:230)
        at org.testng.internal.invokers.MethodRunner.runInSequence(MethodRunner.java:63)
        at org.testng.internal.invokers.TestInvoker$MethodInvocationAgent.invoke(TestInvoker.java:992)
        at org.testng.internal.invokers.TestInvoker.invokeTestMethods(TestInvoker.java:203)
        at org.testng.internal.invokers.TestMethodWorker.invokeTestMethods(TestMethodWorker.java:154)
        at org.testng.internal.invokers.TestMethodWorker.run(TestMethodWorker.java:134)
        at java.base/java.util.ArrayList.forEach(ArrayList.java:1604)
        at org.testng.TestRunner.privateRun(TestRunner.java:739)
        at org.testng.TestRunner.run(TestRunner.java:614)
        at org.testng.SuiteRunner.runTest(SuiteRunner.java:421)
        at org.testng.SuiteRunner.runSequentially(SuiteRunner.java:413)
        at org.testng.SuiteRunner.privateRun(SuiteRunner.java:373)
        at org.testng.SuiteRunner.run(SuiteRunner.java:312)
        at org.testng.SuiteRunnerWorker.runSuite(SuiteRunnerWorker.java:52)
        at org.testng.SuiteRunnerWorker.run(SuiteRunnerWorker.java:95)
        at org.testng.TestNG.runSuitesSequentially(TestNG.java:1274)
        at org.testng.TestNG.runSuitesLocally(TestNG.java:1208)
        at org.testng.TestNG.runSuites(TestNG.java:1112)
        at org.testng.TestNG.run(TestNG.java:1079)
        at org.apache.maven.surefire.testng.TestNGExecutor.run(TestNGExecutor.java:308)
        at org.apache.maven.surefire.testng.TestNGXmlTestSuite.execute(TestNGXmlTestSuite.java:71)
        at org.apache.maven.surefire.testng.TestNGProvider.invoke(TestNGProvider.java:113)
        at org.apache.maven.surefire.booter.ForkedBooter.runSuitesInProcess(ForkedBooter.java:385)
        at org.apache.maven.surefire.booter.ForkedBooter.execute(ForkedBooter.java:162)
        at org.apache.maven.surefire.booter.ForkedBooter.run(ForkedBooter.java:507)
        at org.apache.maven.surefire.booter.ForkedBooter.main(ForkedBooter.java:495)

[INFO] 
[INFO] Results:
[INFO]
[ERROR] Failures: 
[ERROR]   Leccion3_FlujoCriticoTest.testRegistration:41 Debería salir de la página de registro expected [false] but found [true]
[INFO]
[ERROR] Tests run: 11, Failures: 1, Errors: 0, Skipped: 0
[INFO]
[INFO] ------------------------------------------------------------------------
[INFO] BUILD FAILURE
[INFO] ------------------------------------------------------------------------
[INFO] Total time:  04:11 min
[INFO] Finished at: 2025-08-01T22:19:32-03:00
[INFO] ------------------------------------------------------------------------
[ERROR] Failed to execute goal org.apache.maven.plugins:maven-surefire-plugin:3.1.2:test (default-test) on project suite-automatizacion-funcional: There are test failures.
[ERROR]
[ERROR] Please refer to C:\Users\josse\Desktop\JAVA\suite-automatizacion-funcional\target\surefire-reports for the individual test results.
[ERROR] Please refer to dump files (if any exist) [date].dump, [date]-jvmRun[N].dump and [date].dumpstream.
[ERROR] -> [Help 1]
[ERROR]
[ERROR] To see the full stack trace of the errors, re-run Maven with the -e switch.
[ERROR] Re-run Maven using the -X switch to enable full debug logging.
[ERROR]
[ERROR] For more information about the errors and possible solutions, please read the following articles:
[ERROR] [Help 1] http://cwiki.apache.org/confluence/display/MAVEN/MojoFailureException
