PS C:\Users\josse\Desktop\JAVA\suite-automatizacion-funcional> mvn clean test
WARNING: A terminally deprecated method in sun.misc.Unsafe has been called
WARNING: sun.misc.Unsafe::staticFieldBase has been called by com.google.inject.internal.aop.HiddenClassDefiner (file:/C:/Program%20Files/Java/apache-maven-3.9.10/lib/guice-5.1.0-classes.jar)
WARNING: Please consider reporting this to the maintainers of class com.google.inject.internal.aop.HiddenClassDefiner
WARNING: sun.misc.Unsafe::staticFieldBase will be removed in a future release
[INFO] Scanning for projects...
[INFO] 
[INFO] -----------< com.suite.test:suite-automatizacion-funcional >------------
[INFO] Building suite-automatizacion-funcional 1.0-SNAPSHOT
[INFO]   from pom.xml
[INFO] --------------------------------[ jar ]---------------------------------
[INFO] 
[INFO] --- clean:3.2.0:clean (default-clean) @ suite-automatizacion-funcional ---
[INFO] Deleting C:\Users\josse\Desktop\JAVA\suite-automatizacion-funcional\target
[INFO] 
[INFO] --- resources:3.3.1:resources (default-resources) @ suite-automatizacion-funcional ---
[INFO] skip non existing resourceDirectory C:\Users\josse\Desktop\JAVA\suite-automatizacion-funcional\src\main\resources
[INFO]
[INFO] --- compiler:3.13.0:compile (default-compile) @ suite-automatizacion-funcional ---
[INFO] Recompiling the module because of changed source code.
[INFO] Compiling 3 source files with javac [debug target 1.8] to target\classes
[WARNING] bootstrap class path is not set in conjunction with -source 8
  not setting the bootstrap class path may lead to class files that cannot run on JDK 8
    --release 8 is recommended instead of -source 8 -target 1.8 because it sets the bootstrap class path automatically
[WARNING] source value 8 is obsolete and will be removed in a future release
[WARNING] target value 8 is obsolete and will be removed in a future release
[WARNING] To suppress warnings about obsolete options, use -Xlint:-options.
[INFO]
[INFO] --- resources:3.3.1:testResources (default-testResources) @ suite-automatizacion-funcional ---
[INFO] Copying 2 resources from src\test\resources to target\test-classes
[INFO]
[INFO] --- compiler:3.13.0:testCompile (default-testCompile) @ suite-automatizacion-funcional ---
[INFO] Recompiling the module because of changed dependency.
[INFO] Compiling 8 source files with javac [debug target 1.8] to target\test-classes
[WARNING] bootstrap class path is not set in conjunction with -source 8
  not setting the bootstrap class path may lead to class files that cannot run on JDK 8
    --release 8 is recommended instead of -source 8 -target 1.8 because it sets the bootstrap class path automatically
[WARNING] source value 8 is obsolete and will be removed in a future release
[WARNING] target value 8 is obsolete and will be removed in a future release
[WARNING] To suppress warnings about obsolete options, use -Xlint:-options.
[INFO] /C:/Users/josse/Desktop/JAVA/suite-automatizacion-funcional/src/test/java/com/suite/test/Leccion2_SeleniumIDETest.java: C:\Users\josse\Desktop\JAVA\suite-automatizacion-funcional\src\test\java\com\suite\test\Leccion2_SeleniumIDETest.java uses or overrides a deprecated API.
[INFO] /C:/Users/josse/Desktop/JAVA/suite-automatizacion-funcional/src/test/java/com/suite/test/Leccion2_SeleniumIDETest.java: Recompile with -Xlint:deprecation for details.
[INFO]
[INFO] --- surefire:3.1.2:test (default-test) @ suite-automatizacion-funcional ---
[INFO] Using auto detected provider org.apache.maven.surefire.testng.TestNGProvider
[INFO] 
[INFO] -------------------------------------------------------
[INFO]  T E S T S
[INFO] -------------------------------------------------------
[INFO] Running TestSuite
SLF4J: Failed to load class "org.slf4j.impl.StaticLoggerBinder".
SLF4J: Defaulting to no-operation (NOP) logger implementation
SLF4J: See http://www.slf4j.org/codes.html#StaticLoggerBinder for further details.
[ERROR] 
Cannot find class in classpath: com.websolutions.test.LoginTest
[INFO] 
[INFO] Results:
[INFO]
[INFO] Tests run: 0, Failures: 0, Errors: 0, Skipped: 0
[INFO]
[INFO] ------------------------------------------------------------------------
[INFO] BUILD FAILURE
[INFO] ------------------------------------------------------------------------
[INFO] Total time:  12.477 s
[INFO] Finished at: 2025-07-31T22:52:32-03:00
[INFO] ------------------------------------------------------------------------
[ERROR] Failed to execute goal org.apache.maven.plugins:maven-surefire-plugin:3.1.2:test (default-test) on project
 suite-automatizacion-funcional:
[ERROR]
[ERROR] Please refer to C:\Users\josse\Desktop\JAVA\suite-automatizacion-funcional\target\surefire-reports for the individual test results.
[ERROR] Please refer to dump files (if any exist) [date].dump, [date]-jvmRun[N].dump and [date].dumpstream.       
[ERROR] There was an error in the forked process
[ERROR]
[ERROR] Cannot find class in classpath: com.websolutions.test.LoginTest
[ERROR] org.apache.maven.surefire.booter.SurefireBooterForkException: There was an error in the forked process    
[ERROR]
[ERROR] Cannot find class in classpath: com.websolutions.test.LoginTest
[ERROR]         at org.apache.maven.plugin.surefire.booterclient.ForkStarter.fork(ForkStarter.java:628)
[ERROR]         at org.apache.maven.plugin.surefire.booterclient.ForkStarter.run(ForkStarter.java:285)
[ERROR]         at org.apache.maven.plugin.surefire.booterclient.ForkStarter.run(ForkStarter.java:250)
[ERROR]         at org.apache.maven.plugin.surefire.AbstractSurefireMojo.executeProvider(AbstractSurefireMojo.java:1203)
[ERROR]         at org.apache.maven.plugin.surefire.AbstractSurefireMojo.executeAfterPreconditionsChecked(AbstractSurefireMojo.java:1055)
[ERROR]         at org.apache.maven.plugin.surefire.AbstractSurefireMojo.execute(AbstractSurefireMojo.java:871)   
[ERROR]         at org.apache.maven.plugin.DefaultBuildPluginManager.executeMojo(DefaultBuildPluginManager.java:126)
[ERROR]         at org.apache.maven.lifecycle.internal.MojoExecutor.doExecute2(MojoExecutor.java:328)
[ERROR]         at org.apache.maven.lifecycle.internal.MojoExecutor.doExecute(MojoExecutor.java:316)
[ERROR]         at org.apache.maven.lifecycle.internal.MojoExecutor.execute(MojoExecutor.java:212)
[ERROR]         at org.apache.maven.lifecycle.internal.MojoExecutor.execute(MojoExecutor.java:174)
[ERROR]         at org.apache.maven.lifecycle.internal.MojoExecutor.access$000(MojoExecutor.java:75)
[ERROR]         at org.apache.maven.lifecycle.internal.MojoExecutor$1.run(MojoExecutor.java:162)
[ERROR]         at org.apache.maven.plugin.DefaultMojosExecutionStrategy.execute(DefaultMojosExecutionStrategy.java:39)
[ERROR]         at org.apache.maven.lifecycle.internal.MojoExecutor.execute(MojoExecutor.java:159)
[ERROR]         at org.apache.maven.lifecycle.internal.LifecycleModuleBuilder.buildProject(LifecycleModuleBuilder.java:105)
[ERROR]         at org.apache.maven.lifecycle.internal.LifecycleModuleBuilder.buildProject(LifecycleModuleBuilder.java:73)
[ERROR]         at org.apache.maven.lifecycle.internal.builder.singlethreaded.SingleThreadedBuilder.build(SingleThreadedBuilder.java:53)
[ERROR]         at org.apache.maven.lifecycle.internal.LifecycleStarter.execute(LifecycleStarter.java:118)        
[ERROR]         at org.apache.maven.DefaultMaven.doExecute(DefaultMaven.java:261)
[ERROR]         at org.apache.maven.DefaultMaven.doExecute(DefaultMaven.java:173)
[ERROR]         at org.apache.maven.DefaultMaven.execute(DefaultMaven.java:101)
[ERROR]         at org.apache.maven.cli.MavenCli.execute(MavenCli.java:906)
[ERROR]         at org.apache.maven.cli.MavenCli.doMain(MavenCli.java:283)
[ERROR]         at org.apache.maven.cli.MavenCli.main(MavenCli.java:206)
[ERROR]         at java.base/jdk.internal.reflect.DirectMethodHandleAccessor.invoke(DirectMethodHandleAccessor.java:104)
[ERROR]         at java.base/java.lang.reflect.Method.invoke(Method.java:565)
[ERROR]         at org.codehaus.plexus.classworlds.launcher.Launcher.launchEnhanced(Launcher.java:255)
[ERROR]         at org.codehaus.plexus.classworlds.launcher.Launcher.launch(Launcher.java:201)
[ERROR]         at org.codehaus.plexus.classworlds.launcher.Launcher.mainWithExitCode(Launcher.java:361)
[ERROR]         at org.codehaus.plexus.classworlds.launcher.Launcher.main(Launcher.java:314)
[ERROR]
[ERROR] -> [Help 1]
[ERROR]
[ERROR] To see the full stack trace of the errors, re-run Maven with the -e switch.
[ERROR] Re-run Maven using the -X switch to enable full debug logging.
[ERROR]
[ERROR] For more information about the errors and possible solutions, please read the following articles:
[ERROR] [Help 1] http://cwiki.apache.org/confluence/display/MAVEN/MojoExecutionException